<?xml version="1.0" encoding="UTF-8"?>
<!-- Generated by org.testng.reporters.JUnitReportReporter -->
<testsuite hostname="DESKTOP-PFKL46D" failures="0" tests="2" name="tests.Register" time="16.935" errors="0" timestamp="2025-02-13T18:55:46 IST" skipped="0">
  <testcase classname="tests.Register" name="verifyRegisteringUsingMandatoryFields" time="8.404"/>
  <testcase classname="tests.Register" name="verifyRegisteringAccountUsingAllFields" time="8.531"/>
</testsuite> <!-- tests.Register -->
