<?xml version="1.0" encoding="UTF-8"?>
<!-- Generated by org.testng.reporters.JUnitReportReporter -->
<testsuite hostname="DESKTOP-PFKL46D" failures="0" tests="2" name="tests.RegisterTest" time="14.253" errors="0" timestamp="2025-02-15T15:28:24 IST" skipped="0">
  <testcase classname="tests.RegisterTest" name="verifyRegisteringUsingMandatoryFields" time="7.449"/>
  <testcase classname="tests.RegisterTest" name="verifyRegisteringAccountUsingAllFields" time="6.804"/>
</testsuite> <!-- tests.RegisterTest -->
